<?xml version="1.0" encoding="utf-8"?><testsuites name="pytest tests"><testsuite name="pytest" errors="0" failures="0" skipped="0" tests="23" time="10.169" timestamp="2026-05-17T06:39:31.023147+00:00" hostname="agent-env-38974362-6074-4443-ba97-1ceeddea5cfa"><testcase classname="backend.tests.backend_test.TestAuth" name="test_login_success_sets_cookies" time="0.305" /><testcase classname="backend.tests.backend_test.TestAuth" name="test_login_invalid" time="0.304" /><testcase classname="backend.tests.backend_test.TestAuth" name="test_me_with_bearer" time="0.381" /><testcase classname="backend.tests.backend_test.TestAuth" name="test_me_unauthorized" time="0.002" /><testcase classname="backend.tests.backend_test.TestAuth" name="test_logout_clears_cookies" time="0.343" /><testcase classname="backend.tests.backend_test.TestAuth" name="test_logout_does_not_require_auth" time="0.002" /><testcase classname="backend.tests.backend_test.TestAuth" name="test_me_returns_expected_fields" time="0.076" /><testcase classname="backend.tests.backend_test.TestUsers" name="test_list_users_admin" time="0.153" /><testcase classname="backend.tests.backend_test.TestUsers" name="test_non_admin_forbidden" time="0.913" /><testcase classname="backend.tests.backend_test.TestUsers" name="test_create_and_delete_user" time="0.985" /><testcase classname="backend.tests.backend_test.TestEmailTemplates" name="test_email_template_crud" time="0.988" /><testcase classname="backend.tests.backend_test.TestWordTemplates" name="test_word_template_upload_and_delete" time="0.559" /><testcase classname="backend.tests.backend_test.TestWordTemplates" name="test_word_template_rejects_non_docx" time="0.076" /><testcase classname="backend.tests.backend_test.TestExcelParse" name="test_parse_excel" time="0.086" /><testcase classname="backend.tests.backend_test.TestCampaignSend" name="test_send_campaign_smtp_fails_logs_written" time="0.443" /><testcase classname="backend.tests.backend_test.TestCampaignSend" name="test_send_campaign_with_word_template" time="0.902" /><testcase classname="backend.tests.backend_test.TestLogs" name="test_logs_admin" time="0.150" /><testcase classname="backend.tests.backend_test.TestApiKeys" name="test_api_keys_admin_only" time="0.228" /><testcase classname="backend.tests.backend_test.TestApiKeys" name="test_api_key_lifecycle_and_external_send" time="2.212" /><testcase classname="backend.tests.backend_test.TestStats" name="test_stats" time="0.447" /><testcase classname="backend.tests.backend_test.TestStorageEncryption" name="test_db_file_exists" time="0.000" /><testcase classname="backend.tests.backend_test.TestStorageEncryption" name="test_db_file_is_not_plain_sqlite" time="0.000" /><testcase classname="backend.tests.backend_test.TestStorageEncryption" name="test_stdlib_sqlite3_cannot_open" time="0.241" /></testsuite></testsuites>