<?xml version="1.0" encoding="utf-8"?><testsuites name="pytest tests"><testsuite name="pytest" errors="0" failures="0" skipped="0" tests="17" time="4.489" timestamp="2026-05-13T10:04:53.557996+00:00" hostname="agent-env-38974362-6074-4443-ba97-1ceeddea5cfa"><testcase classname="backend.tests.backend_test.TestAuth" name="test_login_success_sets_cookies" time="0.252" /><testcase classname="backend.tests.backend_test.TestAuth" name="test_login_invalid" time="0.229" /><testcase classname="backend.tests.backend_test.TestAuth" name="test_me_with_bearer" time="0.239" /><testcase classname="backend.tests.backend_test.TestAuth" name="test_me_unauthorized" time="0.002" /><testcase classname="backend.tests.backend_test.TestAuth" name="test_logout_clears_cookies" time="0.269" /><testcase classname="backend.tests.backend_test.TestUsers" name="test_list_users_admin" time="0.004" /><testcase classname="backend.tests.backend_test.TestUsers" name="test_non_admin_forbidden" time="0.458" /><testcase classname="backend.tests.backend_test.TestUsers" name="test_create_and_delete_user" time="0.236" /><testcase classname="backend.tests.backend_test.TestEmailTemplates" name="test_email_template_crud" time="0.012" /><testcase classname="backend.tests.backend_test.TestWordTemplates" name="test_word_template_upload_and_delete" time="0.025" /><testcase classname="backend.tests.backend_test.TestWordTemplates" name="test_word_template_rejects_non_docx" time="0.002" /><testcase classname="backend.tests.backend_test.TestExcelParse" name="test_parse_excel" time="0.013" /><testcase classname="backend.tests.backend_test.TestCampaignSend" name="test_send_campaign_smtp_fails_logs_written" time="0.041" /><testcase classname="backend.tests.backend_test.TestCampaignSend" name="test_send_campaign_with_word_template" time="1.708" /><testcase classname="backend.tests.backend_test.TestLogs" name="test_logs_admin" time="0.003" /><testcase classname="backend.tests.backend_test.TestApiKeys" name="test_api_key_lifecycle_and_external_send" time="0.706" /><testcase classname="backend.tests.backend_test.TestStats" name="test_stats" time="0.009" /></testsuite></testsuites>